<?xml version="1.0" encoding="UTF-8"?>
<testsuite xmlns:xsi="http://www.w3.org/2001/XMLSchema-instance" xsi:noNamespaceSchemaLocation="https://maven.apache.org/surefire/maven-surefire-plugin/xsd/surefire-test-report-3.0.xsd" version="3.0" name="edu.bu.met.cs665.DriverNotificationTest" time="0.061" tests="5" errors="0" skipped="0" failures="0">
  <properties>
    <property name="java.specification.version" value="21"/>
    <property name="sun.jnu.encoding" value="UTF-8"/>
    <property name="java.class.path" value="/Users/stark/Desktop/BU/SDP/Assignments/Assignment 6/target/test-classes:/Users/stark/Desktop/BU/SDP/Assignments/Assignment 6/target/classes:/Users/stark/.m2/repository/junit/junit/4.13.1/junit-4.13.1.jar:/Users/stark/.m2/repository/org/hamcrest/hamcrest-core/1.3/hamcrest-core-1.3.jar:/Users/stark/.m2/repository/org/apache/logging/log4j/log4j-core/2.19.0/log4j-core-2.19.0.jar:/Users/stark/.m2/repository/org/apache/logging/log4j/log4j-api/2.19.0/log4j-api-2.19.0.jar:"/>
    <property name="java.vm.vendor" value="Homebrew"/>
    <property name="sun.arch.data.model" value="64"/>
    <property name="java.vendor.url" value="https://github.com/Homebrew/homebrew-core/issues"/>
    <property name="os.name" value="Mac OS X"/>
    <property name="java.vm.specification.version" value="21"/>
    <property name="sun.java.launcher" value="SUN_STANDARD"/>
    <property name="user.country" value="US"/>
    <property name="sun.boot.library.path" value="/opt/homebrew/Cellar/openjdk/21.0.2/libexec/openjdk.jdk/Contents/Home/lib"/>
    <property name="sun.java.command" value="/Users/stark/Desktop/BU/SDP/Assignments/Assignment 6/target/surefire/surefirebooter-20240416143122252_3.jar /Users/stark/Desktop/BU/SDP/Assignments/Assignment 6/target/surefire 2024-04-16T14-31-22_193-jvmRun1 surefire-20240416143122252_1tmp surefire_0-20240416143122252_2tmp"/>
    <property name="http.nonProxyHosts" value="local|*.local|169.254/16|*.169.254/16"/>
    <property name="jdk.debug" value="release"/>
    <property name="surefire.test.class.path" value="/Users/stark/Desktop/BU/SDP/Assignments/Assignment 6/target/test-classes:/Users/stark/Desktop/BU/SDP/Assignments/Assignment 6/target/classes:/Users/stark/.m2/repository/junit/junit/4.13.1/junit-4.13.1.jar:/Users/stark/.m2/repository/org/hamcrest/hamcrest-core/1.3/hamcrest-core-1.3.jar:/Users/stark/.m2/repository/org/apache/logging/log4j/log4j-core/2.19.0/log4j-core-2.19.0.jar:/Users/stark/.m2/repository/org/apache/logging/log4j/log4j-api/2.19.0/log4j-api-2.19.0.jar:"/>
    <property name="sun.cpu.endian" value="little"/>
    <property name="user.home" value="/Users/stark"/>
    <property name="user.language" value="en"/>
    <property name="java.specification.vendor" value="Oracle Corporation"/>
    <property name="java.version.date" value="2024-01-16"/>
    <property name="java.home" value="/opt/homebrew/Cellar/openjdk/21.0.2/libexec/openjdk.jdk/Contents/Home"/>
    <property name="file.separator" value="/"/>
    <property name="basedir" value="/Users/stark/Desktop/BU/SDP/Assignments/Assignment 6"/>
    <property name="java.vm.compressedOopsMode" value="Zero based"/>
    <property name="line.separator" value="&#10;"/>
    <property name="java.vm.specification.vendor" value="Oracle Corporation"/>
    <property name="java.specification.name" value="Java Platform API Specification"/>
    <property name="apple.awt.application.name" value="ForkedBooter"/>
    <property name="surefire.real.class.path" value="/Users/stark/Desktop/BU/SDP/Assignments/Assignment 6/target/surefire/surefirebooter-20240416143122252_3.jar"/>
    <property name="sun.management.compiler" value="HotSpot 64-Bit Tiered Compilers"/>
    <property name="ftp.nonProxyHosts" value="local|*.local|169.254/16|*.169.254/16"/>
    <property name="java.runtime.version" value="21.0.2"/>
    <property name="user.name" value="stark"/>
    <property name="stdout.encoding" value="UTF-8"/>
    <property name="path.separator" value=":"/>
    <property name="os.version" value="14.4.1"/>
    <property name="java.runtime.name" value="OpenJDK Runtime Environment"/>
    <property name="file.encoding" value="UTF-8"/>
    <property name="java.vm.name" value="OpenJDK 64-Bit Server VM"/>
    <property name="java.vendor.version" value="Homebrew"/>
    <property name="localRepository" value="/Users/stark/.m2/repository"/>
    <property name="java.vendor.url.bug" value="https://github.com/Homebrew/homebrew-core/issues"/>
    <property name="java.io.tmpdir" value="/var/folders/4z/29csw3454wvg69zyt08slqmw0000gn/T/"/>
    <property name="java.version" value="21.0.2"/>
    <property name="user.dir" value="/Users/stark/Desktop/BU/SDP/Assignments/Assignment 6"/>
    <property name="os.arch" value="aarch64"/>
    <property name="java.vm.specification.name" value="Java Virtual Machine Specification"/>
    <property name="native.encoding" value="UTF-8"/>
    <property name="java.library.path" value="/Users/stark/Library/Java/Extensions:/Library/Java/Extensions:/Network/Library/Java/Extensions:/System/Library/Java/Extensions:/usr/lib/java:."/>
    <property name="java.vm.info" value="mixed mode, sharing"/>
    <property name="stderr.encoding" value="UTF-8"/>
    <property name="java.vendor" value="Homebrew"/>
    <property name="java.vm.version" value="21.0.2"/>
    <property name="sun.io.unicode.encoding" value="UnicodeBig"/>
    <property name="socksNonProxyHosts" value="local|*.local|169.254/16|*.169.254/16"/>
    <property name="java.class.version" value="65.0"/>
  </properties>
  <testcase name="testDriverCreation" classname="edu.bu.met.cs665.DriverNotificationTest" time="0.031">
    <system-err><![CDATA[Apr 16, 2024 2:31:22 PM edu.bu.met.cs665.Shop subscribe
INFO: Driver subscribed: edu.bu.met.cs665.Driver@271053e1
Apr 16, 2024 2:31:22 PM edu.bu.met.cs665.Shop subscribe
INFO: Driver subscribed: edu.bu.met.cs665.Driver@4e9ba398
Apr 16, 2024 2:31:22 PM edu.bu.met.cs665.Shop subscribe
INFO: Driver subscribed: edu.bu.met.cs665.Driver@6d7b4f4c
Apr 16, 2024 2:31:22 PM edu.bu.met.cs665.Shop subscribe
INFO: Driver subscribed: edu.bu.met.cs665.Driver@527740a2
Apr 16, 2024 2:31:22 PM edu.bu.met.cs665.Shop subscribe
INFO: Driver subscribed: edu.bu.met.cs665.Driver@13a5fe33
Apr 16, 2024 2:31:22 PM edu.bu.met.cs665.Driver update
INFO: Driver Driver1 notified about delivery request: ORDER_2202
Apr 16, 2024 2:31:22 PM edu.bu.met.cs665.Driver update
INFO: Driver Driver2 notified about delivery request: ORDER_2202
Apr 16, 2024 2:31:22 PM edu.bu.met.cs665.Driver update
INFO: Driver Driver3 notified about delivery request: ORDER_2202
Apr 16, 2024 2:31:22 PM edu.bu.met.cs665.Driver update
INFO: Driver Driver4 notified about delivery request: ORDER_2202
Apr 16, 2024 2:31:22 PM edu.bu.met.cs665.Driver update
INFO: Driver Driver5 notified about delivery request: ORDER_2202
Apr 16, 2024 2:31:22 PM edu.bu.met.cs665.Shop notifyObservers
INFO: Notified all drivers about new delivery request: ORDER_2202
]]></system-err>
  </testcase>
  <testcase name="testDriverUpdates" classname="edu.bu.met.cs665.DriverNotificationTest" time="0.0">
    <system-err><![CDATA[Apr 16, 2024 2:31:22 PM edu.bu.met.cs665.Shop subscribe
INFO: Driver subscribed: edu.bu.met.cs665.Driver@520a3426
Apr 16, 2024 2:31:22 PM edu.bu.met.cs665.Shop subscribe
INFO: Driver subscribed: edu.bu.met.cs665.Driver@18eed359
Apr 16, 2024 2:31:22 PM edu.bu.met.cs665.Shop subscribe
INFO: Driver subscribed: edu.bu.met.cs665.Driver@3e9b1010
Apr 16, 2024 2:31:22 PM edu.bu.met.cs665.Shop subscribe
INFO: Driver subscribed: edu.bu.met.cs665.Driver@6c3708b3
Apr 16, 2024 2:31:22 PM edu.bu.met.cs665.Shop subscribe
INFO: Driver subscribed: edu.bu.met.cs665.Driver@6f1fba17
Apr 16, 2024 2:31:22 PM edu.bu.met.cs665.Driver update
INFO: Driver Driver1 notified about delivery request: ORDER_2202
Apr 16, 2024 2:31:22 PM edu.bu.met.cs665.Driver update
INFO: Driver Driver2 notified about delivery request: ORDER_2202
Apr 16, 2024 2:31:22 PM edu.bu.met.cs665.Driver update
INFO: Driver Driver3 notified about delivery request: ORDER_2202
Apr 16, 2024 2:31:22 PM edu.bu.met.cs665.Driver update
INFO: Driver Driver4 notified about delivery request: ORDER_2202
Apr 16, 2024 2:31:22 PM edu.bu.met.cs665.Driver update
INFO: Driver Driver5 notified about delivery request: ORDER_2202
Apr 16, 2024 2:31:22 PM edu.bu.met.cs665.Shop notifyObservers
INFO: Notified all drivers about new delivery request: ORDER_2202
Apr 16, 2024 2:31:22 PM edu.bu.met.cs665.Shop unsubscribe
INFO: Driver unsubscribed: edu.bu.met.cs665.Driver@520a3426
Apr 16, 2024 2:31:22 PM edu.bu.met.cs665.Shop unsubscribe
INFO: Driver unsubscribed: edu.bu.met.cs665.Driver@3e9b1010
Apr 16, 2024 2:31:22 PM edu.bu.met.cs665.Shop unsubscribe
INFO: Driver unsubscribed: edu.bu.met.cs665.Driver@6f1fba17
]]></system-err>
  </testcase>
  <testcase name="testDeliveryRequestCreation" classname="edu.bu.met.cs665.DriverNotificationTest" time="0.001">
    <system-err><![CDATA[Apr 16, 2024 2:31:22 PM edu.bu.met.cs665.Shop subscribe
INFO: Driver subscribed: edu.bu.met.cs665.Driver@185d8b6
Apr 16, 2024 2:31:22 PM edu.bu.met.cs665.Shop subscribe
INFO: Driver subscribed: edu.bu.met.cs665.Driver@67784306
Apr 16, 2024 2:31:22 PM edu.bu.met.cs665.Shop subscribe
INFO: Driver subscribed: edu.bu.met.cs665.Driver@335eadca
Apr 16, 2024 2:31:22 PM edu.bu.met.cs665.Shop subscribe
INFO: Driver subscribed: edu.bu.met.cs665.Driver@210366b4
Apr 16, 2024 2:31:22 PM edu.bu.met.cs665.Shop subscribe
INFO: Driver subscribed: edu.bu.met.cs665.Driver@eec5a4a
Apr 16, 2024 2:31:22 PM edu.bu.met.cs665.Driver update
INFO: Driver Driver1 notified about delivery request: ORDER_2202
Apr 16, 2024 2:31:22 PM edu.bu.met.cs665.Driver update
INFO: Driver Driver2 notified about delivery request: ORDER_2202
Apr 16, 2024 2:31:22 PM edu.bu.met.cs665.Driver update
INFO: Driver Driver3 notified about delivery request: ORDER_2202
Apr 16, 2024 2:31:22 PM edu.bu.met.cs665.Driver update
INFO: Driver Driver4 notified about delivery request: ORDER_2202
Apr 16, 2024 2:31:22 PM edu.bu.met.cs665.Driver update
INFO: Driver Driver5 notified about delivery request: ORDER_2202
Apr 16, 2024 2:31:22 PM edu.bu.met.cs665.Shop notifyObservers
INFO: Notified all drivers about new delivery request: ORDER_2202
]]></system-err>
  </testcase>
  <testcase name="testDeliveryRequestNotification" classname="edu.bu.met.cs665.DriverNotificationTest" time="0.004">
    <system-err><![CDATA[Apr 16, 2024 2:31:22 PM edu.bu.met.cs665.Shop subscribe
INFO: Driver subscribed: edu.bu.met.cs665.Driver@2b2948e2
Apr 16, 2024 2:31:22 PM edu.bu.met.cs665.Shop subscribe
INFO: Driver subscribed: edu.bu.met.cs665.Driver@6ddf90b0
Apr 16, 2024 2:31:22 PM edu.bu.met.cs665.Shop subscribe
INFO: Driver subscribed: edu.bu.met.cs665.Driver@57536d79
Apr 16, 2024 2:31:22 PM edu.bu.met.cs665.Shop subscribe
INFO: Driver subscribed: edu.bu.met.cs665.Driver@3b0143d3
Apr 16, 2024 2:31:22 PM edu.bu.met.cs665.Shop subscribe
INFO: Driver subscribed: edu.bu.met.cs665.Driver@5a8e6209
Apr 16, 2024 2:31:22 PM edu.bu.met.cs665.Driver update
INFO: Driver Driver1 notified about delivery request: ORDER_2202
Apr 16, 2024 2:31:22 PM edu.bu.met.cs665.Driver update
INFO: Driver Driver2 notified about delivery request: ORDER_2202
Apr 16, 2024 2:31:22 PM edu.bu.met.cs665.Driver update
INFO: Driver Driver3 notified about delivery request: ORDER_2202
Apr 16, 2024 2:31:22 PM edu.bu.met.cs665.Driver update
INFO: Driver Driver4 notified about delivery request: ORDER_2202
Apr 16, 2024 2:31:22 PM edu.bu.met.cs665.Driver update
INFO: Driver Driver5 notified about delivery request: ORDER_2202
Apr 16, 2024 2:31:22 PM edu.bu.met.cs665.Shop notifyObservers
INFO: Notified all drivers about new delivery request: ORDER_2202
Apr 16, 2024 2:31:22 PM edu.bu.met.cs665.Driver update
INFO: Driver Driver1 notified about delivery request: ORDER_2202
Apr 16, 2024 2:31:22 PM edu.bu.met.cs665.Driver update
INFO: Driver Driver2 notified about delivery request: ORDER_2202
Apr 16, 2024 2:31:22 PM edu.bu.met.cs665.Driver update
INFO: Driver Driver3 notified about delivery request: ORDER_2202
Apr 16, 2024 2:31:22 PM edu.bu.met.cs665.Driver update
INFO: Driver Driver4 notified about delivery request: ORDER_2202
Apr 16, 2024 2:31:22 PM edu.bu.met.cs665.Driver update
INFO: Driver Driver5 notified about delivery request: ORDER_2202
Apr 16, 2024 2:31:22 PM edu.bu.met.cs665.Shop notifyObservers
INFO: Notified all drivers about new delivery request: ORDER_2202
]]></system-err>
  </testcase>
  <testcase name="testShopCreation" classname="edu.bu.met.cs665.DriverNotificationTest" time="0.001">
    <system-err><![CDATA[Apr 16, 2024 2:31:22 PM edu.bu.met.cs665.Shop subscribe
INFO: Driver subscribed: edu.bu.met.cs665.Driver@4b4523f8
Apr 16, 2024 2:31:22 PM edu.bu.met.cs665.Shop subscribe
INFO: Driver subscribed: edu.bu.met.cs665.Driver@731a74c
Apr 16, 2024 2:31:22 PM edu.bu.met.cs665.Shop subscribe
INFO: Driver subscribed: edu.bu.met.cs665.Driver@369f73a2
Apr 16, 2024 2:31:22 PM edu.bu.met.cs665.Shop subscribe
INFO: Driver subscribed: edu.bu.met.cs665.Driver@1f28c152
Apr 16, 2024 2:31:22 PM edu.bu.met.cs665.Shop subscribe
INFO: Driver subscribed: edu.bu.met.cs665.Driver@7d907bac
Apr 16, 2024 2:31:22 PM edu.bu.met.cs665.Driver update
INFO: Driver Driver1 notified about delivery request: ORDER_2202
Apr 16, 2024 2:31:22 PM edu.bu.met.cs665.Driver update
INFO: Driver Driver2 notified about delivery request: ORDER_2202
Apr 16, 2024 2:31:22 PM edu.bu.met.cs665.Driver update
INFO: Driver Driver3 notified about delivery request: ORDER_2202
Apr 16, 2024 2:31:22 PM edu.bu.met.cs665.Driver update
INFO: Driver Driver4 notified about delivery request: ORDER_2202
Apr 16, 2024 2:31:22 PM edu.bu.met.cs665.Driver update
INFO: Driver Driver5 notified about delivery request: ORDER_2202
Apr 16, 2024 2:31:22 PM edu.bu.met.cs665.Shop notifyObservers
INFO: Notified all drivers about new delivery request: ORDER_2202
]]></system-err>
  </testcase>
</testsuite>